<?xml version="1.0" encoding="UTF-8"?>
<testng-results ignored="0" total="1" passed="0" failed="1" skipped="0">
  <reporter-output>
  </reporter-output>
  <suite started-at="2025-09-26T14:58:10 IST" name="Default suite" finished-at="2025-09-26T14:58:38 IST" duration-ms="27564">
    <groups>
    </groups>
    <test started-at="2025-09-26T14:58:10 IST" name="Default test" finished-at="2025-09-26T14:58:38 IST" duration-ms="27564">
      <class name="tyre_Inward.tyreInward_new_new_Retread_GRN">
        <test-method is-config="true" signature="beforeSuite()[pri:0, instance:tyre_Inward.tyreInward_new_new_Retread_GRN@7ee8290b]" started-at="2025-09-26T14:58:10 IST" name="beforeSuite" finished-at="2025-09-26T14:58:10 IST" duration-ms="10" status="PASS">
          <reporter-output>
          </reporter-output>
        </test-method> <!-- beforeSuite -->
        <test-method is-config="true" signature="beforeTest()[pri:0, instance:tyre_Inward.tyreInward_new_new_Retread_GRN@7ee8290b]" started-at="2025-09-26T14:58:10 IST" name="beforeTest" finished-at="2025-09-26T14:58:10 IST" duration-ms="0" status="PASS">
          <reporter-output>
          </reporter-output>
        </test-method> <!-- beforeTest -->
        <test-method is-config="true" signature="SetUp()[pri:0, instance:tyre_Inward.tyreInward_new_new_Retread_GRN@7ee8290b]" started-at="2025-09-26T14:58:10 IST" name="SetUp" finished-at="2025-09-26T14:58:13 IST" duration-ms="2869" status="PASS">
          <reporter-output>
          </reporter-output>
        </test-method> <!-- SetUp -->
        <test-method is-config="true" signature="login()[pri:0, instance:tyre_Inward.tyreInward_new_new_Retread_GRN@7ee8290b]" started-at="2025-09-26T14:58:13 IST" name="login" finished-at="2025-09-26T14:58:28 IST" duration-ms="14302" status="PASS">
          <reporter-output>
          </reporter-output>
        </test-method> <!-- login -->
        <test-method signature="new_Retread_GRN()[pri:0, instance:tyre_Inward.tyreInward_new_new_Retread_GRN@7ee8290b]" started-at="2025-09-26T14:58:28 IST" name="new_Retread_GRN" finished-at="2025-09-26T14:58:38 IST" duration-ms="10066" status="FAIL">
          <exception class="java.lang.IllegalArgumentException">
            <message>
              <![CDATA[Keys to send should be a not null CharSequence]]>
            </message>
            <full-stacktrace>
              <![CDATA[java.lang.IllegalArgumentException: Keys to send should be a not null CharSequence
at org.openqa.selenium.remote.RemoteWebElement.sendKeys(RemoteWebElement.java:96)
at java.base/jdk.internal.reflect.DirectMethodHandleAccessor.invoke(DirectMethodHandleAccessor.java:103)
at java.base/java.lang.reflect.Method.invoke(Method.java:580)
at org.openqa.selenium.support.pagefactory.internal.LocatingElementHandler.invoke(LocatingElementHandler.java:51)
at jdk.proxy2/jdk.proxy2.$Proxy18.sendKeys(Unknown Source)
at tyre_Inward.tyreInward_new_new_Retread_GRN.new_Retread_GRN(tyreInward_new_new_Retread_GRN.java:24)
at java.base/jdk.internal.reflect.DirectMethodHandleAccessor.invoke(DirectMethodHandleAccessor.java:103)
at java.base/java.lang.reflect.Method.invoke(Method.java:580)
at org.testng.internal.invokers.MethodInvocationHelper.invokeMethod(MethodInvocationHelper.java:141)
at org.testng.internal.invokers.TestInvoker.invokeMethod(TestInvoker.java:687)
at org.testng.internal.invokers.TestInvoker.invokeTestMethod(TestInvoker.java:230)
at org.testng.internal.invokers.MethodRunner.runInSequence(MethodRunner.java:63)
at org.testng.internal.invokers.TestInvoker$MethodInvocationAgent.invoke(TestInvoker.java:995)
at org.testng.internal.invokers.TestInvoker.invokeTestMethods(TestInvoker.java:203)
at org.testng.internal.invokers.TestMethodWorker.invokeTestMethods(TestMethodWorker.java:154)
at org.testng.internal.invokers.TestMethodWorker.run(TestMethodWorker.java:134)
at java.base/java.util.ArrayList.forEach(ArrayList.java:1596)
at org.testng.TestRunner.privateRun(TestRunner.java:741)
at org.testng.TestRunner.run(TestRunner.java:616)
at org.testng.SuiteRunner.runTest(SuiteRunner.java:421)
at org.testng.SuiteRunner.runSequentially(SuiteRunner.java:413)
at org.testng.SuiteRunner.privateRun(SuiteRunner.java:373)
at org.testng.SuiteRunner.run(SuiteRunner.java:312)
at org.testng.SuiteRunnerWorker.runSuite(SuiteRunnerWorker.java:52)
at org.testng.SuiteRunnerWorker.run(SuiteRunnerWorker.java:95)
at org.testng.TestNG.runSuitesSequentially(TestNG.java:1274)
at org.testng.TestNG.runSuitesLocally(TestNG.java:1208)
at org.testng.TestNG.runSuites(TestNG.java:1112)
at org.testng.TestNG.run(TestNG.java:1079)
at org.testng.remote.AbstractRemoteTestNG.run(AbstractRemoteTestNG.java:115)
at org.testng.remote.RemoteTestNG.initAndRun(RemoteTestNG.java:293)
at org.testng.remote.RemoteTestNG.main(RemoteTestNG.java:91)
]]>
            </full-stacktrace>
          </exception> <!-- java.lang.IllegalArgumentException -->
          <reporter-output>
          </reporter-output>
        </test-method> <!-- new_Retread_GRN -->
        <test-method is-config="true" signature="AfterMethod()[pri:0, instance:tyre_Inward.tyreInward_new_new_Retread_GRN@7ee8290b]" started-at="2025-09-26T14:58:38 IST" name="AfterMethod" finished-at="2025-09-26T14:58:38 IST" duration-ms="0" status="PASS">
          <reporter-output>
          </reporter-output>
        </test-method> <!-- AfterMethod -->
        <test-method is-config="true" signature="tearDown()[pri:0, instance:tyre_Inward.tyreInward_new_new_Retread_GRN@7ee8290b]" started-at="2025-09-26T14:58:38 IST" name="tearDown" finished-at="2025-09-26T14:58:38 IST" duration-ms="270" status="PASS">
          <reporter-output>
          </reporter-output>
        </test-method> <!-- tearDown -->
        <test-method is-config="true" signature="AfterTest()[pri:0, instance:tyre_Inward.tyreInward_new_new_Retread_GRN@7ee8290b]" started-at="2025-09-26T14:58:38 IST" name="AfterTest" finished-at="2025-09-26T14:58:38 IST" duration-ms="0" status="PASS">
          <reporter-output>
          </reporter-output>
        </test-method> <!-- AfterTest -->
        <test-method is-config="true" signature="AfterSuite()[pri:0, instance:tyre_Inward.tyreInward_new_new_Retread_GRN@7ee8290b]" started-at="2025-09-26T14:58:38 IST" name="AfterSuite" finished-at="2025-09-26T14:58:38 IST" duration-ms="3" status="PASS">
          <reporter-output>
          </reporter-output>
        </test-method> <!-- AfterSuite -->
      </class> <!-- tyre_Inward.tyreInward_new_new_Retread_GRN -->
    </test> <!-- Default test -->
  </suite> <!-- Default suite -->
</testng-results>
