<?xml version="1.0" encoding="UTF-8"?>
<testng-results ignored="0" total="1" passed="1" failed="0" skipped="0">
  <reporter-output>
  </reporter-output>
  <suite started-at="2025-09-23T13:19:58 IST" name="Default suite" finished-at="2025-09-23T13:20:26 IST" duration-ms="27942">
    <groups>
    </groups>
    <test started-at="2025-09-23T13:19:58 IST" name="Default test" finished-at="2025-09-23T13:20:26 IST" duration-ms="27942">
      <class name="Tyre_Function.tyreStock_allTask">
        <test-method is-config="true" signature="beforeSuite()[pri:0, instance:Tyre_Function.tyreStock_allTask@7ee8290b]" started-at="2025-09-23T13:19:58 IST" name="beforeSuite" finished-at="2025-09-23T13:19:58 IST" duration-ms="8" status="PASS">
          <reporter-output>
          </reporter-output>
        </test-method> <!-- beforeSuite -->
        <test-method is-config="true" signature="beforeTest()[pri:0, instance:Tyre_Function.tyreStock_allTask@7ee8290b]" started-at="2025-09-23T13:19:58 IST" name="beforeTest" finished-at="2025-09-23T13:19:58 IST" duration-ms="0" status="PASS">
          <reporter-output>
          </reporter-output>
        </test-method> <!-- beforeTest -->
        <test-method is-config="true" signature="SetUp()[pri:0, instance:Tyre_Function.tyreStock_allTask@7ee8290b]" started-at="2025-09-23T13:19:58 IST" name="SetUp" finished-at="2025-09-23T13:20:01 IST" duration-ms="3308" status="PASS">
          <reporter-output>
          </reporter-output>
        </test-method> <!-- SetUp -->
        <test-method is-config="true" signature="login()[pri:0, instance:Tyre_Function.tyreStock_allTask@7ee8290b]" started-at="2025-09-23T13:20:01 IST" name="login" finished-at="2025-09-23T13:20:16 IST" duration-ms="14398" status="PASS">
          <reporter-output>
          </reporter-output>
        </test-method> <!-- login -->
        <test-method signature="clickOn_allTask()[pri:0, instance:Tyre_Function.tyreStock_allTask@7ee8290b]" started-at="2025-09-23T13:20:16 IST" name="clickOn_allTask" finished-at="2025-09-23T13:20:26 IST" duration-ms="9898" status="PASS">
          <reporter-output>
          </reporter-output>
        </test-method> <!-- clickOn_allTask -->
        <test-method is-config="true" signature="tearDown()[pri:0, instance:Tyre_Function.tyreStock_allTask@7ee8290b]" started-at="2025-09-23T13:20:26 IST" name="tearDown" finished-at="2025-09-23T13:20:26 IST" duration-ms="298" status="PASS">
          <reporter-output>
          </reporter-output>
        </test-method> <!-- tearDown -->
        <test-method is-config="true" signature="AfterMethod()[pri:0, instance:Tyre_Function.tyreStock_allTask@7ee8290b]" started-at="2025-09-23T13:20:26 IST" name="AfterMethod" finished-at="2025-09-23T13:20:26 IST" duration-ms="0" status="PASS">
          <reporter-output>
          </reporter-output>
        </test-method> <!-- AfterMethod -->
        <test-method is-config="true" signature="AfterTest()[pri:0, instance:Tyre_Function.tyreStock_allTask@7ee8290b]" started-at="2025-09-23T13:20:26 IST" name="AfterTest" finished-at="2025-09-23T13:20:26 IST" duration-ms="0" status="PASS">
          <reporter-output>
          </reporter-output>
        </test-method> <!-- AfterTest -->
        <test-method is-config="true" signature="AfterSuite()[pri:0, instance:Tyre_Function.tyreStock_allTask@7ee8290b]" started-at="2025-09-23T13:20:26 IST" name="AfterSuite" finished-at="2025-09-23T13:20:26 IST" duration-ms="0" status="PASS">
          <reporter-output>
          </reporter-output>
        </test-method> <!-- AfterSuite -->
      </class> <!-- Tyre_Function.tyreStock_allTask -->
    </test> <!-- Default test -->
  </suite> <!-- Default suite -->
</testng-results>
